<?xml version="1.0" encoding="UTF-8"?>
<!-- Generated by org.testng.reporters.JUnitXMLReporter -->
<testsuite hostname="pl1inpun0428pc" ignored="0" name="Default test" tests="7" failures="0" timestamp="15 Dec 2018 16:59:32 GMT" time="0.104" errors="0">
  <testcase name="createArticleTest" time="0.014" classname="com.upday.editor.service.EditorServiceTest"/>
  <testcase name="createArticleWithDaoException" time="0.003" classname="com.upday.editor.service.EditorServiceTest"/>
  <testcase name="createArticleWithDuplicateEntry" time="0.001" classname="com.upday.editor.service.EditorServiceTest"/>
  <testcase name="getArticlesByIdForNonExistentArticleTest" time="0.001" classname="com.upday.editor.service.EditorServiceTest"/>
  <testcase name="getArticlesByIdTest" time="0.0" classname="com.upday.editor.service.EditorServiceTest"/>
  <testcase name="updateArticleFailTest" time="0.001" classname="com.upday.editor.service.EditorServiceTest"/>
  <testcase name="updateArticleTest" time="0.001" classname="com.upday.editor.service.EditorServiceTest"/>
</testsuite> <!-- Default test -->
